<?xml version="1.0" encoding="UTF-8"?>
<!-- Generated by org.testng.reporters.JUnitReportReporter -->
<testsuite hostname="SMTC-R-0157" failures="0" tests="1" name="freamwork_design_scripts_TestCase.Opening_Testcasepage_to_home" time="2.469" errors="0" timestamp="2023-04-13T15:28:39 IST" skipped="0">
  <testcase classname="freamwork_design_scripts_TestCase.Opening_Testcasepage_to_home" name="openingHome" time="2.469"/>
  <system-out>
    <![CDATA[Title Match Successfully!!!
URL Match Successfully!!!]]>
  </system-out>
</testsuite> <!-- freamwork_design_scripts_TestCase.Opening_Testcasepage_to_home -->
