<?xml version="1.0" encoding="UTF-8"?>
<!-- Generated by org.testng.reporters.JUnitReportReporter -->
<testsuite hostname="SMTC-R-0157" failures="0" tests="1" name="freamwork_design_scripts_Loginpage.Opening_TestCasePage_from_loginpage" time="2.548" errors="0" timestamp="2023-04-12T11:24:23 IST" skipped="0">
  <testcase classname="freamwork_design_scripts_Loginpage.Opening_TestCasePage_from_loginpage" name="opentestcasepager" time="2.548"/>
  <system-out>
    <![CDATA[title match
URL match]]>
  </system-out>
</testsuite> <!-- freamwork_design_scripts_Loginpage.Opening_TestCasePage_from_loginpage -->
