<?xml version="1.0" encoding="UTF-8"?>
<!-- Generated by org.testng.reporters.JUnitReportReporter -->
<testsuite hostname="SMTC-R-0157" failures="0" tests="1" name="freamwork_design_scripts_TestCase.Opening_Dashboard_to_Register" time="3.827" errors="0" timestamp="2023-04-13T11:47:06 IST" skipped="0">
  <testcase classname="freamwork_design_scripts_TestCase.Opening_Dashboard_to_Register" name="openRegister" time="3.827"/>
  <system-out>
    <![CDATA[Title Match Successfully!!!
URL Match Successfully!!!]]>
  </system-out>
</testsuite> <!-- freamwork_design_scripts_TestCase.Opening_Dashboard_to_Register -->
