<?xml version="1.0" encoding="UTF-8"?>
<!-- Generated by org.testng.reporters.JUnitReportReporter -->
<testsuite hostname="SMTC-R-0157" failures="0" tests="1" name="freamwork_design_scripts_Dashboard.Opening_Dashboard_to_testcase" time="2.539" errors="0" timestamp="2023-04-13T12:00:28 IST" skipped="0">
  <testcase classname="freamwork_design_scripts_Dashboard.Opening_Dashboard_to_testcase" name="opentestcase" time="2.539"/>
  <system-out>
    <![CDATA[Title Match Successfully!!!
URL Match Successfully!!!]]>
  </system-out>
</testsuite> <!-- freamwork_design_scripts_Dashboard.Opening_Dashboard_to_testcase -->
