<?xml version="1.0" encoding="UTF-8"?>
<!-- Generated by org.testng.reporters.JUnitReportReporter -->
<testsuite hostname="SMTC-R-0157" failures="0" tests="1" name="freamwork_design_scripts_Dashboard.Opening_Registrationpage_to_home" time="3.945" errors="0" timestamp="2023-04-13T11:29:26 IST" skipped="0">
  <testcase classname="freamwork_design_scripts_Dashboard.Opening_Registrationpage_to_home" name="openingHome" time="3.945"/>
  <system-out>
    <![CDATA[title match
URL match]]>
  </system-out>
</testsuite> <!-- freamwork_design_scripts_Dashboard.Opening_Registrationpage_to_home -->
